0 info it worked if it ends with ok
1 verbose cli [ 'C:\\Program Files\\nodejs\\node.exe',
1 verbose cli   'C:\\Program Files\\nodejs\\node_modules\\npm\\bin\\npm-cli.js',
1 verbose cli   'install',
1 verbose cli   'gulp-stylus@1.3.3',
1 verbose cli   'save-dev' ]
2 info using npm@1.4.28
3 info using node@v0.10.32
4 warn package.json app@0.0.0 No repository field.
5 verbose readDependencies using package.json deps
6 verbose cache add [ 'gulp-stylus@1.3.3', null ]
7 verbose cache add name=undefined spec="gulp-stylus@1.3.3" args=["gulp-stylus@1.3.3",null]
8 verbose parsed url { protocol: null,
8 verbose parsed url   slashes: null,
8 verbose parsed url   auth: null,
8 verbose parsed url   host: null,
8 verbose parsed url   port: null,
8 verbose parsed url   hostname: null,
8 verbose parsed url   hash: null,
8 verbose parsed url   search: null,
8 verbose parsed url   query: null,
8 verbose parsed url   pathname: 'gulp-stylus@1.3.3',
8 verbose parsed url   path: 'gulp-stylus@1.3.3',
8 verbose parsed url   href: 'gulp-stylus@1.3.3' }
9 verbose cache add [ 'save-dev', null ]
10 verbose cache add name=undefined spec="save-dev" args=["save-dev",null]
11 verbose parsed url { protocol: null,
11 verbose parsed url   slashes: null,
11 verbose parsed url   auth: null,
11 verbose parsed url   host: null,
11 verbose parsed url   port: null,
11 verbose parsed url   hostname: null,
11 verbose parsed url   hash: null,
11 verbose parsed url   search: null,
11 verbose parsed url   query: null,
11 verbose parsed url   pathname: 'save-dev',
11 verbose parsed url   path: 'save-dev',
11 verbose parsed url   href: 'save-dev' }
12 verbose cache add name="gulp-stylus" spec="1.3.3" args=["gulp-stylus","1.3.3"]
13 verbose parsed url { protocol: null,
13 verbose parsed url   slashes: null,
13 verbose parsed url   auth: null,
13 verbose parsed url   host: null,
13 verbose parsed url   port: null,
13 verbose parsed url   hostname: null,
13 verbose parsed url   hash: null,
13 verbose parsed url   search: null,
13 verbose parsed url   query: null,
13 verbose parsed url   pathname: '1.3.3',
13 verbose parsed url   path: '1.3.3',
13 verbose parsed url   href: '1.3.3' }
14 verbose addNamed [ 'gulp-stylus', '1.3.3' ]
15 verbose addNamed [ '1.3.3', '1.3.3' ]
16 silly lockFile f9c51909-gulp-stylus-1-3-3 gulp-stylus@1.3.3
17 verbose lock gulp-stylus@1.3.3 C:\Users\Svitlana\AppData\Roaming\npm-cache\f9c51909-gulp-stylus-1-3-3.lock
18 silly lockFile 80ff035d-save-dev save-dev
19 verbose lock save-dev C:\Users\Svitlana\AppData\Roaming\npm-cache\80ff035d-save-dev.lock
20 silly lockFile 80ff035d-save-dev save-dev
21 silly lockFile 80ff035d-save-dev save-dev
22 verbose addNamed [ 'save-dev', '' ]
23 verbose addNamed [ null, '*' ]
24 silly lockFile e7602a59-save-dev save-dev@
25 verbose lock save-dev@ C:\Users\Svitlana\AppData\Roaming\npm-cache\e7602a59-save-dev.lock
26 verbose request where is /gulp-stylus
27 verbose request registry https://registry.npmjs.org/
28 verbose request id b394481b1df66cc4
29 verbose url raw /gulp-stylus
30 verbose url resolving [ 'https://registry.npmjs.org/', './gulp-stylus' ]
31 verbose url resolved https://registry.npmjs.org/gulp-stylus
32 verbose request where is https://registry.npmjs.org/gulp-stylus
33 info trying registry request attempt 1 at 15:10:52
34 verbose etag "EGL09AQ9POBZ6WORUI7F0VYIO"
35 http GET https://registry.npmjs.org/gulp-stylus
36 silly addNameRange { name: 'save-dev', range: '*', hasData: false }
37 verbose request where is /save-dev
38 verbose request registry https://registry.npmjs.org/
39 verbose url raw /save-dev
40 verbose url resolving [ 'https://registry.npmjs.org/', './save-dev' ]
41 verbose url resolved https://registry.npmjs.org/save-dev
42 verbose request where is https://registry.npmjs.org/save-dev
43 info trying registry request attempt 1 at 15:10:52
44 http GET https://registry.npmjs.org/save-dev
45 http 304 https://registry.npmjs.org/gulp-stylus
46 silly registry.get cb [ 304,
46 silly registry.get   { date: 'Wed, 05 Nov 2014 21:10:51 GMT',
46 silly registry.get     server: 'Apache',
46 silly registry.get     via: '1.1 varnish',
46 silly registry.get     'last-modified': 'Wed, 05 Nov 2014 21:10:51 GMT',
46 silly registry.get     'cache-control': 'max-age=60',
46 silly registry.get     etag: '"EGL09AQ9POBZ6WORUI7F0VYIO"',
46 silly registry.get     age: '0',
46 silly registry.get     'x-served-by': 'cache-jfk1026-JFK',
46 silly registry.get     'x-cache': 'HIT',
46 silly registry.get     'x-cache-hits': '1',
46 silly registry.get     'x-timer': 'S1415221851.101888,VS0,VE82',
46 silly registry.get     vary: 'Accept',
46 silly registry.get     'content-length': '0',
46 silly registry.get     'keep-alive': 'timeout=10, max=50',
46 silly registry.get     connection: 'Keep-Alive' } ]
47 verbose etag https://registry.npmjs.org/gulp-stylus from cache
48 silly lockFile f9c51909-gulp-stylus-1-3-3 gulp-stylus@1.3.3
49 silly lockFile f9c51909-gulp-stylus-1-3-3 gulp-stylus@1.3.3
50 http 404 https://registry.npmjs.org/save-dev
51 verbose headers { date: 'Wed, 05 Nov 2014 21:10:51 GMT',
51 verbose headers   server: 'CouchDB/1.5.0 (Erlang OTP/R16B03)',
51 verbose headers   'content-type': 'application/json',
51 verbose headers   'cache-control': 'max-age=0',
51 verbose headers   'content-length': '52',
51 verbose headers   'accept-ranges': 'bytes',
51 verbose headers   via: '1.1 varnish',
51 verbose headers   age: '0',
51 verbose headers   'x-served-by': 'cache-jfk1022-JFK',
51 verbose headers   'x-cache': 'MISS',
51 verbose headers   'x-cache-hits': '0',
51 verbose headers   'x-timer': 'S1415221851.102299,VS0,VE345',
51 verbose headers   'keep-alive': 'timeout=10, max=50',
51 verbose headers   connection: 'Keep-Alive' }
52 silly registry.get cb [ 404,
52 silly registry.get   { date: 'Wed, 05 Nov 2014 21:10:51 GMT',
52 silly registry.get     server: 'CouchDB/1.5.0 (Erlang OTP/R16B03)',
52 silly registry.get     'content-type': 'application/json',
52 silly registry.get     'cache-control': 'max-age=0',
52 silly registry.get     'content-length': '52',
52 silly registry.get     'accept-ranges': 'bytes',
52 silly registry.get     via: '1.1 varnish',
52 silly registry.get     age: '0',
52 silly registry.get     'x-served-by': 'cache-jfk1022-JFK',
52 silly registry.get     'x-cache': 'MISS',
52 silly registry.get     'x-cache-hits': '0',
52 silly registry.get     'x-timer': 'S1415221851.102299,VS0,VE345',
52 silly registry.get     'keep-alive': 'timeout=10, max=50',
52 silly registry.get     connection: 'Keep-Alive' } ]
53 silly lockFile e7602a59-save-dev save-dev@
54 silly lockFile e7602a59-save-dev save-dev@
55 error 404 404 Not Found: save-dev
55 error 404
55 error 404 'save-dev' is not in the npm registry.
55 error 404 You should bug the author to publish it
55 error 404 It was specified as a dependency of 'app'
55 error 404
55 error 404 Note that you can also install from a
55 error 404 tarball, folder, or http url, or git url.
56 error System Windows_NT 6.2.9200
57 error command "C:\\Program Files\\nodejs\\node.exe" "C:\\Program Files\\nodejs\\node_modules\\npm\\bin\\npm-cli.js" "install" "gulp-stylus@1.3.3" "save-dev"
58 error cwd C:\App\remax2
59 error node -v v0.10.32
60 error npm -v 1.4.28
61 error code E404
62 verbose exit [ 1, true ]
